<?xml version="1.0" encoding="UTF-8"?>
<!-- Generated by org.testng.reporters.JUnitReportReporter -->
<testsuite hostname="UshaUday" failures="0" tests="5" name="testCases.TC003_LoginDDT" time="54.506" errors="0" timestamp="2025-03-18T13:08:54 IST" skipped="0">
  <testcase classname="testCases.TC003_LoginDDT" name="verify_loginDDT" time="14.567"/>
  <testcase classname="testCases.TC003_LoginDDT" name="verify_loginDDT" time="14.508"/>
  <testcase classname="testCases.TC003_LoginDDT" name="verify_loginDDT" time="5.641"/>
  <testcase classname="testCases.TC003_LoginDDT" name="verify_loginDDT" time="5.332"/>
  <testcase classname="testCases.TC003_LoginDDT" name="verify_loginDDT" time="14.458"/>
</testsuite> <!-- testCases.TC003_LoginDDT -->
