<?xml version="1.0" encoding="UTF-8"?>
<!-- Generated by org.testng.reporters.JUnitReportReporter -->
<testsuite hostname="UshaUday" failures="0" tests="1" name="testCases.TC001_AccountRegistrationTest" time="2.690" errors="0" timestamp="2025-04-18T16:24:13 IST" skipped="0">
  <testcase classname="testCases.TC001_AccountRegistrationTest" name="verify_account_registration" time="2.690"/>
</testsuite> <!-- testCases.TC001_AccountRegistrationTest -->
